2021-01-20 15:59:47,383 ERROR 23932 [-/127.0.0.1/-/5ms GET /] nodejs.Error: Please set config.keys first
    at Application.get keys [as keys] (D:\code_file\毕设\services\node_modules\egg\lib\application.js:266:15)
    at Object.get cookies [as cookies] (D:\code_file\毕设\services\node_modules\egg\app\extend\context.js:22:66)
    at Object.get [egg-security#CSRF_SECRET] (D:\code_file\毕设\services\node_modules\egg-security\app\extend\context.js:91:35)
    at Object.ensureCsrfSecret (D:\code_file\毕设\services\node_modules\egg-security\app\extend\context.js:104:13)
    at csrf (D:\code_file\毕设\services\node_modules\egg-security\lib\middlewares\csrf.js:15:11)
    at dispatch (D:\code_file\毕设\services\node_modules\egg-security\node_modules\koa-compose\index.js:42:32)
    at D:\code_file\毕设\services\node_modules\egg-security\node_modules\koa-compose\index.js:34:12
    at dispatch (D:\code_file\毕设\services\node_modules\koa\node_modules\koa-compose\index.js:42:32)
    at session (D:\code_file\毕设\services\node_modules\koa-session\index.js:41:13)
    at dispatch (D:\code_file\毕设\services\node_modules\koa\node_modules\koa-compose\index.js:42:32)

pid: 23932
hostname: LAPTOP-NGODR02R

2021-01-20 15:59:48,185 ERROR 23932 [-/127.0.0.1/-/30ms GET /] nodejs.Error: Please set config.keys first
    at Application.get keys [as keys] (D:\code_file\毕设\services\node_modules\egg\lib\application.js:266:15)
    at Object.get cookies [as cookies] (D:\code_file\毕设\services\node_modules\egg\app\extend\context.js:22:66)
    at Object.get [egg-security#CSRF_SECRET] (D:\code_file\毕设\services\node_modules\egg-security\app\extend\context.js:91:35)
    at Object.ensureCsrfSecret (D:\code_file\毕设\services\node_modules\egg-security\app\extend\context.js:104:13)
    at csrf (D:\code_file\毕设\services\node_modules\egg-security\lib\middlewares\csrf.js:15:11)
    at dispatch (D:\code_file\毕设\services\node_modules\egg-security\node_modules\koa-compose\index.js:42:32)
    at D:\code_file\毕设\services\node_modules\egg-security\node_modules\koa-compose\index.js:34:12
    at dispatch (D:\code_file\毕设\services\node_modules\koa\node_modules\koa-compose\index.js:42:32)
    at session (D:\code_file\毕设\services\node_modules\koa-session\index.js:41:13)
    at dispatch (D:\code_file\毕设\services\node_modules\koa\node_modules\koa-compose\index.js:42:32)

pid: 23932
hostname: LAPTOP-NGODR02R

2021-01-20 16:02:52,232 ERROR 10096 [-/127.0.0.1/-/8ms GET /] nodejs.Error: Please set config.keys first
    at Application.get keys [as keys] (D:\code_file\毕设\services\node_modules\egg\lib\application.js:266:15)
    at Object.get cookies [as cookies] (D:\code_file\毕设\services\node_modules\egg\app\extend\context.js:22:66)
    at Object.get [egg-security#CSRF_SECRET] (D:\code_file\毕设\services\node_modules\egg-security\app\extend\context.js:91:35)
    at Object.ensureCsrfSecret (D:\code_file\毕设\services\node_modules\egg-security\app\extend\context.js:104:13)
    at csrf (D:\code_file\毕设\services\node_modules\egg-security\lib\middlewares\csrf.js:15:11)
    at dispatch (D:\code_file\毕设\services\node_modules\egg-security\node_modules\koa-compose\index.js:42:32)
    at D:\code_file\毕设\services\node_modules\egg-security\node_modules\koa-compose\index.js:34:12
    at dispatch (D:\code_file\毕设\services\node_modules\koa\node_modules\koa-compose\index.js:42:32)
    at session (D:\code_file\毕设\services\node_modules\koa-session\index.js:41:13)
    at dispatch (D:\code_file\毕设\services\node_modules\koa\node_modules\koa-compose\index.js:42:32)

pid: 10096
hostname: LAPTOP-NGODR02R

2021-01-23 14:20:29,713 ERROR 320 [-/127.0.0.1/-/57ms GET /admin/index] nodejs.TypeError: this.ctx.service.admin.home.find is not a function
    at AdminController.index (D:\code_file\毕设\services\app\controller\admin\home.js:5:50)
    at Object.callFn (D:\code_file\毕设\services\node_modules\egg-core\lib\utils\index.js:44:21)
    at Object.classControllerMiddleware (D:\code_file\毕设\services\node_modules\egg-core\lib\loader\mixin\controller.js:87:20)
    at Object.callFn (D:\code_file\毕设\services\node_modules\@eggjs\router\lib\utils.js:12:21)
    at wrappedController (D:\code_file\毕设\services\node_modules\@eggjs\router\lib\egg_router.js:322:18)
    at dispatch (D:\code_file\毕设\services\node_modules\koa-compose\index.js:44:32)
    at next (D:\code_file\毕设\services\node_modules\koa-compose\index.js:45:18)
    at D:\code_file\毕设\services\node_modules\@eggjs\router\lib\router.js:190:18
    at dispatch (D:\code_file\毕设\services\node_modules\koa-compose\index.js:44:32)
    at D:\code_file\毕设\services\node_modules\koa-compose\index.js:36:12

pid: 320
hostname: LAPTOP-NGODR02R

2021-01-23 14:22:49,326 ERROR 3000 [-/127.0.0.1/-/7ms GET /admin/index] nodejs.TypeError: ctx.service.admin.home.find is not a function
    at AdminController.index (D:\code_file\毕设\services\app\controller\admin\home.js:6:51)
    at Object.callFn (D:\code_file\毕设\services\node_modules\egg-core\lib\utils\index.js:44:21)
    at Object.classControllerMiddleware (D:\code_file\毕设\services\node_modules\egg-core\lib\loader\mixin\controller.js:87:20)
    at Object.callFn (D:\code_file\毕设\services\node_modules\@eggjs\router\lib\utils.js:12:21)
    at wrappedController (D:\code_file\毕设\services\node_modules\@eggjs\router\lib\egg_router.js:322:18)
    at dispatch (D:\code_file\毕设\services\node_modules\koa-compose\index.js:44:32)
    at next (D:\code_file\毕设\services\node_modules\koa-compose\index.js:45:18)
    at D:\code_file\毕设\services\node_modules\@eggjs\router\lib\router.js:190:18
    at dispatch (D:\code_file\毕设\services\node_modules\koa-compose\index.js:44:32)
    at D:\code_file\毕设\services\node_modules\koa-compose\index.js:36:12

pid: 3000
hostname: LAPTOP-NGODR02R

2021-01-23 14:24:04,465 ERROR 2168 [-/127.0.0.1/-/8ms GET /admin/index] nodejs.TypeError: ctx.service.user.find is not a function
    at AdminController.index (D:\code_file\毕设\services\app\controller\admin\home.js:6:45)
    at Object.callFn (D:\code_file\毕设\services\node_modules\egg-core\lib\utils\index.js:44:21)
    at Object.classControllerMiddleware (D:\code_file\毕设\services\node_modules\egg-core\lib\loader\mixin\controller.js:87:20)
    at Object.callFn (D:\code_file\毕设\services\node_modules\@eggjs\router\lib\utils.js:12:21)
    at wrappedController (D:\code_file\毕设\services\node_modules\@eggjs\router\lib\egg_router.js:322:18)
    at dispatch (D:\code_file\毕设\services\node_modules\koa-compose\index.js:44:32)
    at next (D:\code_file\毕设\services\node_modules\koa-compose\index.js:45:18)
    at D:\code_file\毕设\services\node_modules\@eggjs\router\lib\router.js:190:18
    at dispatch (D:\code_file\毕设\services\node_modules\koa-compose\index.js:44:32)
    at D:\code_file\毕设\services\node_modules\koa-compose\index.js:36:12

pid: 2168
hostname: LAPTOP-NGODR02R

2021-01-23 14:25:15,646 ERROR 16464 [-/127.0.0.1/-/227ms GET /admin/index] nodejs.TypeError: ctx.service.admin.home.find is not a function
    at AdminController.index (D:\code_file\毕设\services\app\controller\admin\home.js:7:51)
    at Object.callFn (D:\code_file\毕设\services\node_modules\egg-core\lib\utils\index.js:44:21)
    at Object.classControllerMiddleware (D:\code_file\毕设\services\node_modules\egg-core\lib\loader\mixin\controller.js:87:20)
    at Object.callFn (D:\code_file\毕设\services\node_modules\@eggjs\router\lib\utils.js:12:21)
    at wrappedController (D:\code_file\毕设\services\node_modules\@eggjs\router\lib\egg_router.js:322:18)
    at dispatch (D:\code_file\毕设\services\node_modules\koa-compose\index.js:44:32)
    at next (D:\code_file\毕设\services\node_modules\koa-compose\index.js:45:18)
    at D:\code_file\毕设\services\node_modules\@eggjs\router\lib\router.js:190:18
    at dispatch (D:\code_file\毕设\services\node_modules\koa-compose\index.js:44:32)
    at D:\code_file\毕设\services\node_modules\koa-compose\index.js:36:12

pid: 16464
hostname: LAPTOP-NGODR02R

2021-01-23 16:03:57,784 ERROR 8108 nodejs.EPERMError: EPERM: operation not permitted, watch
    at FSEvent.FSWatcher._handle.onchange (internal/fs/watchers.js:178:28)
errno: -4048
syscall: "watch"
code: "EPERM"
filename: null
dir: "D:\\code_file\\毕设\\services\\app\\router\\common.js"
name: "EPERMError"
pid: 8108
hostname: LAPTOP-NGODR02R

2021-01-23 16:24:48,434 ERROR 9996 [-/127.0.0.1/-/19ms POST /login] nodejs.TypeError: ctx.service.common.user.login is not a function
    at UserController.login (D:\code_file\毕设\services\app\controller\common\user.js:17:54)
    at Object.callFn (D:\code_file\毕设\services\node_modules\egg-core\lib\utils\index.js:44:21)
    at Object.classControllerMiddleware (D:\code_file\毕设\services\node_modules\egg-core\lib\loader\mixin\controller.js:87:20)
    at Object.callFn (D:\code_file\毕设\services\node_modules\@eggjs\router\lib\utils.js:12:21)
    at wrappedController (D:\code_file\毕设\services\node_modules\@eggjs\router\lib\egg_router.js:322:18)
    at dispatch (D:\code_file\毕设\services\node_modules\koa-compose\index.js:44:32)
    at next (D:\code_file\毕设\services\node_modules\koa-compose\index.js:45:18)
    at D:\code_file\毕设\services\node_modules\@eggjs\router\lib\router.js:190:18
    at dispatch (D:\code_file\毕设\services\node_modules\koa-compose\index.js:44:32)
    at D:\code_file\毕设\services\node_modules\koa-compose\index.js:36:12

pid: 9996
hostname: LAPTOP-NGODR02R

2021-01-23 16:37:35,082 ERROR 11224 [-/127.0.0.1/-/21ms POST /login] nodejs.TypeError: Cannot read property 'length' of null
    at UserService.login (D:\code_file\毕设\services\app\service\common\user.js:38:23)
    at UserController.login (D:\code_file\毕设\services\app\controller\common\user.js:24:54)
    at Object.callFn (D:\code_file\毕设\services\node_modules\egg-core\lib\utils\index.js:44:21)
    at Object.classControllerMiddleware (D:\code_file\毕设\services\node_modules\egg-core\lib\loader\mixin\controller.js:87:20)
    at Object.callFn (D:\code_file\毕设\services\node_modules\@eggjs\router\lib\utils.js:12:21)
    at wrappedController (D:\code_file\毕设\services\node_modules\@eggjs\router\lib\egg_router.js:322:18)
    at dispatch (D:\code_file\毕设\services\node_modules\koa-compose\index.js:44:32)
    at next (D:\code_file\毕设\services\node_modules\koa-compose\index.js:45:18)
    at D:\code_file\毕设\services\node_modules\@eggjs\router\lib\router.js:190:18
    at dispatch (D:\code_file\毕设\services\node_modules\koa-compose\index.js:44:32)

pid: 11224
hostname: LAPTOP-NGODR02R

2021-01-23 16:37:53,422 ERROR 11224 [-/127.0.0.1/-/2ms POST /login?loginType=0] nodejs.TypeError: Cannot read property 'length' of null
    at UserService.login (D:\code_file\毕设\services\app\service\common\user.js:38:23)
    at UserController.login (D:\code_file\毕设\services\app\controller\common\user.js:24:54)
    at Object.callFn (D:\code_file\毕设\services\node_modules\egg-core\lib\utils\index.js:44:21)
    at Object.classControllerMiddleware (D:\code_file\毕设\services\node_modules\egg-core\lib\loader\mixin\controller.js:87:20)
    at Object.callFn (D:\code_file\毕设\services\node_modules\@eggjs\router\lib\utils.js:12:21)
    at wrappedController (D:\code_file\毕设\services\node_modules\@eggjs\router\lib\egg_router.js:322:18)
    at dispatch (D:\code_file\毕设\services\node_modules\koa-compose\index.js:44:32)
    at next (D:\code_file\毕设\services\node_modules\koa-compose\index.js:45:18)
    at D:\code_file\毕设\services\node_modules\@eggjs\router\lib\router.js:190:18
    at dispatch (D:\code_file\毕设\services\node_modules\koa-compose\index.js:44:32)

pid: 11224
hostname: LAPTOP-NGODR02R

2021-01-23 16:37:57,429 ERROR 11224 [-/127.0.0.1/-/1ms POST /login?loginType=0] nodejs.TypeError: Cannot read property 'length' of null
    at UserService.login (D:\code_file\毕设\services\app\service\common\user.js:38:23)
    at UserController.login (D:\code_file\毕设\services\app\controller\common\user.js:24:54)
    at Object.callFn (D:\code_file\毕设\services\node_modules\egg-core\lib\utils\index.js:44:21)
    at Object.classControllerMiddleware (D:\code_file\毕设\services\node_modules\egg-core\lib\loader\mixin\controller.js:87:20)
    at Object.callFn (D:\code_file\毕设\services\node_modules\@eggjs\router\lib\utils.js:12:21)
    at wrappedController (D:\code_file\毕设\services\node_modules\@eggjs\router\lib\egg_router.js:322:18)
    at dispatch (D:\code_file\毕设\services\node_modules\koa-compose\index.js:44:32)
    at next (D:\code_file\毕设\services\node_modules\koa-compose\index.js:45:18)
    at D:\code_file\毕设\services\node_modules\@eggjs\router\lib\router.js:190:18
    at dispatch (D:\code_file\毕设\services\node_modules\koa-compose\index.js:44:32)

pid: 11224
hostname: LAPTOP-NGODR02R

2021-01-23 16:38:07,936 ERROR 11224 [-/127.0.0.1/-/1ms POST /login?loginType=0] nodejs.TypeError: Cannot read property 'length' of null
    at UserService.login (D:\code_file\毕设\services\app\service\common\user.js:38:23)
    at UserController.login (D:\code_file\毕设\services\app\controller\common\user.js:24:54)
    at Object.callFn (D:\code_file\毕设\services\node_modules\egg-core\lib\utils\index.js:44:21)
    at Object.classControllerMiddleware (D:\code_file\毕设\services\node_modules\egg-core\lib\loader\mixin\controller.js:87:20)
    at Object.callFn (D:\code_file\毕设\services\node_modules\@eggjs\router\lib\utils.js:12:21)
    at wrappedController (D:\code_file\毕设\services\node_modules\@eggjs\router\lib\egg_router.js:322:18)
    at dispatch (D:\code_file\毕设\services\node_modules\koa-compose\index.js:44:32)
    at next (D:\code_file\毕设\services\node_modules\koa-compose\index.js:45:18)
    at D:\code_file\毕设\services\node_modules\@eggjs\router\lib\router.js:190:18
    at dispatch (D:\code_file\毕设\services\node_modules\koa-compose\index.js:44:32)

pid: 11224
hostname: LAPTOP-NGODR02R

2021-01-24 20:51:19,102 ERROR 1828 [-/127.0.0.1/-/76ms POST /login?loginType%20=%200] nodejs.TypeError: Cannot read property 'length' of null
    at UserController.login (D:\code_file\毕设\services\app\controller\common\user.js:34:20)
    at processTicksAndRejections (internal/process/task_queues.js:93:5)
headers: {"Access-Control-Allow-Origin":"http://localhost:8080","Access-Control-Allow-Credentials":"true","vary":"Origin"}
pid: 1828
hostname: LAPTOP-NGODR02R

2021-01-24 20:52:14,682 ERROR 18596 [-/127.0.0.1/-/21ms POST /login?loginType%20=%200] nodejs.TypeError: Cannot read property 'length' of null
    at UserController.login (D:\code_file\毕设\services\app\controller\common\user.js:34:20)
    at processTicksAndRejections (internal/process/task_queues.js:93:5)
headers: {"Access-Control-Allow-Origin":"http://localhost:8080","Access-Control-Allow-Credentials":"true","vary":"Origin"}
pid: 18596
hostname: LAPTOP-NGODR02R

2021-01-24 20:54:13,683 ERROR 11848 [-/127.0.0.1/-/19ms POST /login] nodejs.TypeError: Cannot read property 'length' of null
    at UserController.login (D:\code_file\毕设\services\app\controller\common\user.js:30:20)
    at processTicksAndRejections (internal/process/task_queues.js:93:5)
headers: {"Access-Control-Allow-Origin":"http://localhost:8080","Access-Control-Allow-Credentials":"true","vary":"Origin"}
pid: 11848
hostname: LAPTOP-NGODR02R

2021-01-24 20:54:46,301 ERROR 6776 [-/127.0.0.1/-/20ms POST /login] nodejs.TypeError: Cannot read property 'length' of null
    at UserController.login (D:\code_file\毕设\services\app\controller\common\user.js:31:20)
    at processTicksAndRejections (internal/process/task_queues.js:93:5)
headers: {"Access-Control-Allow-Origin":"http://localhost:8080","Access-Control-Allow-Credentials":"true","vary":"Origin"}
pid: 6776
hostname: LAPTOP-NGODR02R

2021-01-24 20:55:07,815 ERROR 9664 [-/127.0.0.1/-/20ms POST /login] nodejs.TypeError: Cannot read property 'length' of null
    at UserController.login (D:\code_file\毕设\services\app\controller\common\user.js:30:20)
    at processTicksAndRejections (internal/process/task_queues.js:93:5)
headers: {"Access-Control-Allow-Origin":"http://localhost:8080","Access-Control-Allow-Credentials":"true","vary":"Origin"}
pid: 9664
hostname: LAPTOP-NGODR02R

