2021-02-02 15:06:55,235 INFO 16188 [egg-schedule]: register schedule D:\code_file\毕设\services\node_modules\egg-multipart\app\schedule\clean_tmpdir.js
2021-02-02 15:06:55,235 INFO 16188 [egg-schedule]: register schedule D:\code_file\毕设\services\node_modules\egg-logrotator\app\schedule\clean_log.js
2021-02-02 15:06:55,235 INFO 16188 [egg-schedule]: register schedule D:\code_file\毕设\services\node_modules\egg-logrotator\app\schedule\rotate_by_file.js
2021-02-02 15:06:58,133 INFO 8836 [Timer] D:\code_file\毕设\services\node_modules\egg-multipart\app\schedule\clean_tmpdir.js next time will execute after 48181870ms at 2021-02-03 04:30:00.003
2021-02-02 15:06:58,134 INFO 8836 [Timer] D:\code_file\毕设\services\node_modules\egg-logrotator\app\schedule\clean_log.js next time will execute after 31981866ms at 2021-02-03 00:00:00.000
2021-02-02 15:06:58,134 INFO 8836 [Timer] D:\code_file\毕设\services\node_modules\egg-logrotator\app\schedule\rotate_by_file.js next time will execute after 31982866ms at 2021-02-03 00:00:01.000
2021-02-02 20:41:53,787 INFO 12768 [egg-schedule]: register schedule D:\code_file\毕设\services\node_modules\egg-multipart\app\schedule\clean_tmpdir.js
2021-02-02 20:41:53,787 INFO 12768 [egg-schedule]: register schedule D:\code_file\毕设\services\node_modules\egg-logrotator\app\schedule\clean_log.js
2021-02-02 20:41:53,787 INFO 12768 [egg-schedule]: register schedule D:\code_file\毕设\services\node_modules\egg-logrotator\app\schedule\rotate_by_file.js
2021-02-02 20:41:58,727 INFO 13532 [Timer] D:\code_file\毕设\services\node_modules\egg-multipart\app\schedule\clean_tmpdir.js next time will execute after 28081276ms at 2021-02-03 04:30:00.003
2021-02-02 20:41:58,728 INFO 13532 [Timer] D:\code_file\毕设\services\node_modules\egg-logrotator\app\schedule\clean_log.js next time will execute after 11881273ms at 2021-02-03 00:00:00.001
2021-02-02 20:41:58,728 INFO 13532 [Timer] D:\code_file\毕设\services\node_modules\egg-logrotator\app\schedule\rotate_by_file.js next time will execute after 11882272ms at 2021-02-03 00:00:01.000
2021-02-02 20:46:18,677 INFO 15316 [egg-schedule]: register schedule D:\code_file\毕设\services\node_modules\egg-multipart\app\schedule\clean_tmpdir.js
2021-02-02 20:46:18,677 INFO 15316 [egg-schedule]: register schedule D:\code_file\毕设\services\node_modules\egg-logrotator\app\schedule\clean_log.js
2021-02-02 20:46:18,677 INFO 15316 [egg-schedule]: register schedule D:\code_file\毕设\services\node_modules\egg-logrotator\app\schedule\rotate_by_file.js
2021-02-02 20:48:19,768 INFO 22020 [egg-schedule]: register schedule D:\code_file\毕设\services\node_modules\egg-multipart\app\schedule\clean_tmpdir.js
2021-02-02 20:48:19,768 INFO 22020 [egg-schedule]: register schedule D:\code_file\毕设\services\node_modules\egg-logrotator\app\schedule\clean_log.js
2021-02-02 20:48:19,768 INFO 22020 [egg-schedule]: register schedule D:\code_file\毕设\services\node_modules\egg-logrotator\app\schedule\rotate_by_file.js
2021-02-02 20:48:36,605 INFO 15888 [egg-schedule]: register schedule D:\code_file\毕设\services\node_modules\egg-multipart\app\schedule\clean_tmpdir.js
2021-02-02 20:48:36,605 INFO 15888 [egg-schedule]: register schedule D:\code_file\毕设\services\node_modules\egg-logrotator\app\schedule\clean_log.js
2021-02-02 20:48:36,605 INFO 15888 [egg-schedule]: register schedule D:\code_file\毕设\services\node_modules\egg-logrotator\app\schedule\rotate_by_file.js
2021-02-02 20:48:55,217 INFO 17556 [egg-schedule]: register schedule D:\code_file\毕设\services\node_modules\egg-multipart\app\schedule\clean_tmpdir.js
2021-02-02 20:48:55,217 INFO 17556 [egg-schedule]: register schedule D:\code_file\毕设\services\node_modules\egg-logrotator\app\schedule\clean_log.js
2021-02-02 20:48:55,217 INFO 17556 [egg-schedule]: register schedule D:\code_file\毕设\services\node_modules\egg-logrotator\app\schedule\rotate_by_file.js
2021-02-02 20:51:20,259 INFO 17552 [egg-schedule]: register schedule D:\code_file\毕设\services\node_modules\egg-multipart\app\schedule\clean_tmpdir.js
2021-02-02 20:51:20,259 INFO 17552 [egg-schedule]: register schedule D:\code_file\毕设\services\node_modules\egg-logrotator\app\schedule\clean_log.js
2021-02-02 20:51:20,259 INFO 17552 [egg-schedule]: register schedule D:\code_file\毕设\services\node_modules\egg-logrotator\app\schedule\rotate_by_file.js
2021-02-02 20:52:41,907 INFO 17624 [egg-schedule]: register schedule D:\code_file\毕设\services\node_modules\egg-multipart\app\schedule\clean_tmpdir.js
2021-02-02 20:52:41,907 INFO 17624 [egg-schedule]: register schedule D:\code_file\毕设\services\node_modules\egg-logrotator\app\schedule\clean_log.js
2021-02-02 20:52:41,907 INFO 17624 [egg-schedule]: register schedule D:\code_file\毕设\services\node_modules\egg-logrotator\app\schedule\rotate_by_file.js
2021-02-02 20:53:22,661 INFO 9276 [egg-schedule]: register schedule D:\code_file\毕设\services\node_modules\egg-multipart\app\schedule\clean_tmpdir.js
2021-02-02 20:53:22,661 INFO 9276 [egg-schedule]: register schedule D:\code_file\毕设\services\node_modules\egg-logrotator\app\schedule\clean_log.js
2021-02-02 20:53:22,661 INFO 9276 [egg-schedule]: register schedule D:\code_file\毕设\services\node_modules\egg-logrotator\app\schedule\rotate_by_file.js
2021-02-02 20:53:44,902 INFO 22544 [egg-schedule]: register schedule D:\code_file\毕设\services\node_modules\egg-multipart\app\schedule\clean_tmpdir.js
2021-02-02 20:53:44,902 INFO 22544 [egg-schedule]: register schedule D:\code_file\毕设\services\node_modules\egg-logrotator\app\schedule\clean_log.js
2021-02-02 20:53:44,902 INFO 22544 [egg-schedule]: register schedule D:\code_file\毕设\services\node_modules\egg-logrotator\app\schedule\rotate_by_file.js
2021-02-02 20:54:51,698 INFO 12096 [egg-schedule]: register schedule D:\code_file\毕设\services\node_modules\egg-multipart\app\schedule\clean_tmpdir.js
2021-02-02 20:54:51,698 INFO 12096 [egg-schedule]: register schedule D:\code_file\毕设\services\node_modules\egg-logrotator\app\schedule\clean_log.js
2021-02-02 20:54:51,698 INFO 12096 [egg-schedule]: register schedule D:\code_file\毕设\services\node_modules\egg-logrotator\app\schedule\rotate_by_file.js
2021-02-02 20:55:12,458 INFO 14564 [egg-schedule]: register schedule D:\code_file\毕设\services\node_modules\egg-multipart\app\schedule\clean_tmpdir.js
2021-02-02 20:55:12,458 INFO 14564 [egg-schedule]: register schedule D:\code_file\毕设\services\node_modules\egg-logrotator\app\schedule\clean_log.js
2021-02-02 20:55:12,458 INFO 14564 [egg-schedule]: register schedule D:\code_file\毕设\services\node_modules\egg-logrotator\app\schedule\rotate_by_file.js
2021-02-02 20:57:20,801 INFO 7924 [egg-schedule]: register schedule D:\code_file\毕设\services\node_modules\egg-multipart\app\schedule\clean_tmpdir.js
2021-02-02 20:57:20,801 INFO 7924 [egg-schedule]: register schedule D:\code_file\毕设\services\node_modules\egg-logrotator\app\schedule\clean_log.js
2021-02-02 20:57:20,801 INFO 7924 [egg-schedule]: register schedule D:\code_file\毕设\services\node_modules\egg-logrotator\app\schedule\rotate_by_file.js
2021-02-02 20:58:19,744 INFO 1080 [egg-schedule]: register schedule D:\code_file\毕设\services\node_modules\egg-multipart\app\schedule\clean_tmpdir.js
2021-02-02 20:58:19,744 INFO 1080 [egg-schedule]: register schedule D:\code_file\毕设\services\node_modules\egg-logrotator\app\schedule\clean_log.js
2021-02-02 20:58:19,744 INFO 1080 [egg-schedule]: register schedule D:\code_file\毕设\services\node_modules\egg-logrotator\app\schedule\rotate_by_file.js
2021-02-02 20:58:44,427 INFO 19448 [egg-schedule]: register schedule D:\code_file\毕设\services\node_modules\egg-multipart\app\schedule\clean_tmpdir.js
2021-02-02 20:58:44,427 INFO 19448 [egg-schedule]: register schedule D:\code_file\毕设\services\node_modules\egg-logrotator\app\schedule\clean_log.js
2021-02-02 20:58:44,427 INFO 19448 [egg-schedule]: register schedule D:\code_file\毕设\services\node_modules\egg-logrotator\app\schedule\rotate_by_file.js
2021-02-02 21:00:31,591 INFO 19416 [egg-schedule]: register schedule D:\code_file\毕设\services\node_modules\egg-multipart\app\schedule\clean_tmpdir.js
2021-02-02 21:00:31,591 INFO 19416 [egg-schedule]: register schedule D:\code_file\毕设\services\node_modules\egg-logrotator\app\schedule\clean_log.js
2021-02-02 21:00:31,591 INFO 19416 [egg-schedule]: register schedule D:\code_file\毕设\services\node_modules\egg-logrotator\app\schedule\rotate_by_file.js
2021-02-02 21:02:16,348 INFO 8552 [egg-schedule]: register schedule D:\code_file\毕设\services\node_modules\egg-multipart\app\schedule\clean_tmpdir.js
2021-02-02 21:02:16,348 INFO 8552 [egg-schedule]: register schedule D:\code_file\毕设\services\node_modules\egg-logrotator\app\schedule\clean_log.js
2021-02-02 21:02:16,348 INFO 8552 [egg-schedule]: register schedule D:\code_file\毕设\services\node_modules\egg-logrotator\app\schedule\rotate_by_file.js
2021-02-02 21:02:22,447 INFO 10880 [egg-schedule]: register schedule D:\code_file\毕设\services\node_modules\egg-multipart\app\schedule\clean_tmpdir.js
2021-02-02 21:02:22,447 INFO 10880 [egg-schedule]: register schedule D:\code_file\毕设\services\node_modules\egg-logrotator\app\schedule\clean_log.js
2021-02-02 21:02:22,447 INFO 10880 [egg-schedule]: register schedule D:\code_file\毕设\services\node_modules\egg-logrotator\app\schedule\rotate_by_file.js
2021-02-02 21:21:56,202 INFO 2448 [egg-schedule]: register schedule D:\code_file\毕设\services\node_modules\egg-multipart\app\schedule\clean_tmpdir.js
2021-02-02 21:21:56,202 INFO 2448 [egg-schedule]: register schedule D:\code_file\毕设\services\node_modules\egg-logrotator\app\schedule\clean_log.js
2021-02-02 21:21:56,202 INFO 2448 [egg-schedule]: register schedule D:\code_file\毕设\services\node_modules\egg-logrotator\app\schedule\rotate_by_file.js
2021-02-02 21:24:55,345 INFO 8980 [egg-schedule]: register schedule D:\code_file\毕设\services\node_modules\egg-multipart\app\schedule\clean_tmpdir.js
2021-02-02 21:24:55,345 INFO 8980 [egg-schedule]: register schedule D:\code_file\毕设\services\node_modules\egg-logrotator\app\schedule\clean_log.js
2021-02-02 21:24:55,345 INFO 8980 [egg-schedule]: register schedule D:\code_file\毕设\services\node_modules\egg-logrotator\app\schedule\rotate_by_file.js
2021-02-02 21:27:41,867 INFO 20720 [egg-schedule]: register schedule D:\code_file\毕设\services\node_modules\egg-multipart\app\schedule\clean_tmpdir.js
2021-02-02 21:27:41,867 INFO 20720 [egg-schedule]: register schedule D:\code_file\毕设\services\node_modules\egg-logrotator\app\schedule\clean_log.js
2021-02-02 21:27:41,868 INFO 20720 [egg-schedule]: register schedule D:\code_file\毕设\services\node_modules\egg-logrotator\app\schedule\rotate_by_file.js
2021-02-02 21:31:54,790 INFO 10540 [egg-schedule]: register schedule D:\code_file\毕设\services\node_modules\egg-multipart\app\schedule\clean_tmpdir.js
2021-02-02 21:31:54,790 INFO 10540 [egg-schedule]: register schedule D:\code_file\毕设\services\node_modules\egg-logrotator\app\schedule\clean_log.js
2021-02-02 21:31:54,790 INFO 10540 [egg-schedule]: register schedule D:\code_file\毕设\services\node_modules\egg-logrotator\app\schedule\rotate_by_file.js
2021-02-02 21:32:17,288 INFO 1968 [egg-schedule]: register schedule D:\code_file\毕设\services\node_modules\egg-multipart\app\schedule\clean_tmpdir.js
2021-02-02 21:32:17,288 INFO 1968 [egg-schedule]: register schedule D:\code_file\毕设\services\node_modules\egg-logrotator\app\schedule\clean_log.js
2021-02-02 21:32:17,288 INFO 1968 [egg-schedule]: register schedule D:\code_file\毕设\services\node_modules\egg-logrotator\app\schedule\rotate_by_file.js
2021-02-02 21:35:27,950 INFO 11120 [egg-schedule]: register schedule D:\code_file\毕设\services\node_modules\egg-multipart\app\schedule\clean_tmpdir.js
2021-02-02 21:35:27,950 INFO 11120 [egg-schedule]: register schedule D:\code_file\毕设\services\node_modules\egg-logrotator\app\schedule\clean_log.js
2021-02-02 21:35:27,950 INFO 11120 [egg-schedule]: register schedule D:\code_file\毕设\services\node_modules\egg-logrotator\app\schedule\rotate_by_file.js
2021-02-02 21:37:33,688 INFO 16532 [egg-schedule]: register schedule D:\code_file\毕设\services\node_modules\egg-multipart\app\schedule\clean_tmpdir.js
2021-02-02 21:37:33,688 INFO 16532 [egg-schedule]: register schedule D:\code_file\毕设\services\node_modules\egg-logrotator\app\schedule\clean_log.js
2021-02-02 21:37:33,688 INFO 16532 [egg-schedule]: register schedule D:\code_file\毕设\services\node_modules\egg-logrotator\app\schedule\rotate_by_file.js
2021-02-02 21:37:47,881 INFO 8520 [egg-schedule]: register schedule D:\code_file\毕设\services\node_modules\egg-multipart\app\schedule\clean_tmpdir.js
2021-02-02 21:37:47,881 INFO 8520 [egg-schedule]: register schedule D:\code_file\毕设\services\node_modules\egg-logrotator\app\schedule\clean_log.js
2021-02-02 21:37:47,881 INFO 8520 [egg-schedule]: register schedule D:\code_file\毕设\services\node_modules\egg-logrotator\app\schedule\rotate_by_file.js
2021-02-02 21:40:50,124 INFO 19116 [egg-schedule]: register schedule D:\code_file\毕设\services\node_modules\egg-multipart\app\schedule\clean_tmpdir.js
2021-02-02 21:40:50,125 INFO 19116 [egg-schedule]: register schedule D:\code_file\毕设\services\node_modules\egg-logrotator\app\schedule\clean_log.js
2021-02-02 21:40:50,125 INFO 19116 [egg-schedule]: register schedule D:\code_file\毕设\services\node_modules\egg-logrotator\app\schedule\rotate_by_file.js
2021-02-02 21:41:03,448 INFO 20508 [egg-schedule]: register schedule D:\code_file\毕设\services\node_modules\egg-multipart\app\schedule\clean_tmpdir.js
2021-02-02 21:41:03,448 INFO 20508 [egg-schedule]: register schedule D:\code_file\毕设\services\node_modules\egg-logrotator\app\schedule\clean_log.js
2021-02-02 21:41:03,448 INFO 20508 [egg-schedule]: register schedule D:\code_file\毕设\services\node_modules\egg-logrotator\app\schedule\rotate_by_file.js
2021-02-02 21:41:10,757 INFO 1404 [egg-schedule]: register schedule D:\code_file\毕设\services\node_modules\egg-multipart\app\schedule\clean_tmpdir.js
2021-02-02 21:41:10,757 INFO 1404 [egg-schedule]: register schedule D:\code_file\毕设\services\node_modules\egg-logrotator\app\schedule\clean_log.js
2021-02-02 21:41:10,757 INFO 1404 [egg-schedule]: register schedule D:\code_file\毕设\services\node_modules\egg-logrotator\app\schedule\rotate_by_file.js
2021-02-02 21:41:26,719 INFO 19744 [egg-schedule]: register schedule D:\code_file\毕设\services\node_modules\egg-multipart\app\schedule\clean_tmpdir.js
2021-02-02 21:41:26,719 INFO 19744 [egg-schedule]: register schedule D:\code_file\毕设\services\node_modules\egg-logrotator\app\schedule\clean_log.js
2021-02-02 21:41:26,719 INFO 19744 [egg-schedule]: register schedule D:\code_file\毕设\services\node_modules\egg-logrotator\app\schedule\rotate_by_file.js
2021-02-02 21:41:46,404 INFO 14836 [egg-schedule]: register schedule D:\code_file\毕设\services\node_modules\egg-multipart\app\schedule\clean_tmpdir.js
2021-02-02 21:41:46,404 INFO 14836 [egg-schedule]: register schedule D:\code_file\毕设\services\node_modules\egg-logrotator\app\schedule\clean_log.js
2021-02-02 21:41:46,404 INFO 14836 [egg-schedule]: register schedule D:\code_file\毕设\services\node_modules\egg-logrotator\app\schedule\rotate_by_file.js
2021-02-02 21:41:59,978 INFO 13832 [egg-schedule]: register schedule D:\code_file\毕设\services\node_modules\egg-multipart\app\schedule\clean_tmpdir.js
2021-02-02 21:41:59,978 INFO 13832 [egg-schedule]: register schedule D:\code_file\毕设\services\node_modules\egg-logrotator\app\schedule\clean_log.js
2021-02-02 21:41:59,978 INFO 13832 [egg-schedule]: register schedule D:\code_file\毕设\services\node_modules\egg-logrotator\app\schedule\rotate_by_file.js
2021-02-02 21:44:59,438 INFO 2760 [egg-schedule]: register schedule D:\code_file\毕设\services\node_modules\egg-multipart\app\schedule\clean_tmpdir.js
2021-02-02 21:44:59,438 INFO 2760 [egg-schedule]: register schedule D:\code_file\毕设\services\node_modules\egg-logrotator\app\schedule\clean_log.js
2021-02-02 21:44:59,438 INFO 2760 [egg-schedule]: register schedule D:\code_file\毕设\services\node_modules\egg-logrotator\app\schedule\rotate_by_file.js
2021-02-02 21:45:14,961 INFO 22760 [egg-schedule]: register schedule D:\code_file\毕设\services\node_modules\egg-multipart\app\schedule\clean_tmpdir.js
2021-02-02 21:45:14,961 INFO 22760 [egg-schedule]: register schedule D:\code_file\毕设\services\node_modules\egg-logrotator\app\schedule\clean_log.js
2021-02-02 21:45:14,961 INFO 22760 [egg-schedule]: register schedule D:\code_file\毕设\services\node_modules\egg-logrotator\app\schedule\rotate_by_file.js
2021-02-02 21:45:17,555 INFO 19024 [egg-schedule]: register schedule D:\code_file\毕设\services\node_modules\egg-multipart\app\schedule\clean_tmpdir.js
2021-02-02 21:45:17,555 INFO 19024 [egg-schedule]: register schedule D:\code_file\毕设\services\node_modules\egg-logrotator\app\schedule\clean_log.js
2021-02-02 21:45:17,555 INFO 19024 [egg-schedule]: register schedule D:\code_file\毕设\services\node_modules\egg-logrotator\app\schedule\rotate_by_file.js
2021-02-02 21:45:32,247 INFO 21912 [egg-schedule]: register schedule D:\code_file\毕设\services\node_modules\egg-multipart\app\schedule\clean_tmpdir.js
2021-02-02 21:45:32,247 INFO 21912 [egg-schedule]: register schedule D:\code_file\毕设\services\node_modules\egg-logrotator\app\schedule\clean_log.js
2021-02-02 21:45:32,247 INFO 21912 [egg-schedule]: register schedule D:\code_file\毕设\services\node_modules\egg-logrotator\app\schedule\rotate_by_file.js
2021-02-02 21:45:59,092 INFO 14528 [egg-schedule]: register schedule D:\code_file\毕设\services\node_modules\egg-multipart\app\schedule\clean_tmpdir.js
2021-02-02 21:45:59,092 INFO 14528 [egg-schedule]: register schedule D:\code_file\毕设\services\node_modules\egg-logrotator\app\schedule\clean_log.js
2021-02-02 21:45:59,092 INFO 14528 [egg-schedule]: register schedule D:\code_file\毕设\services\node_modules\egg-logrotator\app\schedule\rotate_by_file.js
2021-02-03 15:08:15,944 INFO 4276 [egg-schedule]: register schedule D:\code_file\毕设\services\node_modules\egg-multipart\app\schedule\clean_tmpdir.js
2021-02-03 15:08:15,944 INFO 4276 [egg-schedule]: register schedule D:\code_file\毕设\services\node_modules\egg-logrotator\app\schedule\clean_log.js
2021-02-03 15:08:15,944 INFO 4276 [egg-schedule]: register schedule D:\code_file\毕设\services\node_modules\egg-logrotator\app\schedule\rotate_by_file.js
2021-02-03 15:08:17,501 INFO 19220 [Timer] D:\code_file\毕设\services\node_modules\egg-multipart\app\schedule\clean_tmpdir.js next time will execute after 48102513ms at 2021-02-04 04:30:00.014
2021-02-03 15:08:17,502 INFO 19220 [Timer] D:\code_file\毕设\services\node_modules\egg-logrotator\app\schedule\clean_log.js next time will execute after 31902498ms at 2021-02-04 00:00:00.000
2021-02-03 15:08:17,502 INFO 19220 [Timer] D:\code_file\毕设\services\node_modules\egg-logrotator\app\schedule\rotate_by_file.js next time will execute after 31903498ms at 2021-02-04 00:00:01.000
2021-02-03 15:09:38,368 INFO 14324 [egg-schedule]: register schedule D:\code_file\毕设\services\node_modules\egg-multipart\app\schedule\clean_tmpdir.js
2021-02-03 15:09:38,369 INFO 14324 [egg-schedule]: register schedule D:\code_file\毕设\services\node_modules\egg-logrotator\app\schedule\clean_log.js
2021-02-03 15:09:38,370 INFO 14324 [egg-schedule]: register schedule D:\code_file\毕设\services\node_modules\egg-logrotator\app\schedule\rotate_by_file.js
2021-02-03 15:10:51,825 INFO 9716 [egg-schedule]: register schedule D:\code_file\毕设\services\node_modules\egg-multipart\app\schedule\clean_tmpdir.js
2021-02-03 15:10:51,825 INFO 9716 [egg-schedule]: register schedule D:\code_file\毕设\services\node_modules\egg-logrotator\app\schedule\clean_log.js
2021-02-03 15:10:51,825 INFO 9716 [egg-schedule]: register schedule D:\code_file\毕设\services\node_modules\egg-logrotator\app\schedule\rotate_by_file.js
2021-02-03 15:14:36,257 INFO 17972 [egg-schedule]: register schedule D:\code_file\毕设\services\node_modules\egg-multipart\app\schedule\clean_tmpdir.js
2021-02-03 15:14:36,257 INFO 17972 [egg-schedule]: register schedule D:\code_file\毕设\services\node_modules\egg-logrotator\app\schedule\clean_log.js
2021-02-03 15:14:36,257 INFO 17972 [egg-schedule]: register schedule D:\code_file\毕设\services\node_modules\egg-logrotator\app\schedule\rotate_by_file.js
2021-02-03 15:14:40,140 INFO 11956 [egg-schedule]: register schedule D:\code_file\毕设\services\node_modules\egg-multipart\app\schedule\clean_tmpdir.js
2021-02-03 15:14:40,140 INFO 11956 [egg-schedule]: register schedule D:\code_file\毕设\services\node_modules\egg-logrotator\app\schedule\clean_log.js
2021-02-03 15:14:40,140 INFO 11956 [egg-schedule]: register schedule D:\code_file\毕设\services\node_modules\egg-logrotator\app\schedule\rotate_by_file.js
2021-02-03 15:17:54,853 INFO 10640 [egg-schedule]: register schedule D:\code_file\毕设\services\node_modules\egg-multipart\app\schedule\clean_tmpdir.js
2021-02-03 15:17:54,853 INFO 10640 [egg-schedule]: register schedule D:\code_file\毕设\services\node_modules\egg-logrotator\app\schedule\clean_log.js
2021-02-03 15:17:54,853 INFO 10640 [egg-schedule]: register schedule D:\code_file\毕设\services\node_modules\egg-logrotator\app\schedule\rotate_by_file.js
2021-02-03 15:18:08,050 INFO 12236 [egg-schedule]: register schedule D:\code_file\毕设\services\node_modules\egg-multipart\app\schedule\clean_tmpdir.js
2021-02-03 15:18:08,050 INFO 12236 [egg-schedule]: register schedule D:\code_file\毕设\services\node_modules\egg-logrotator\app\schedule\clean_log.js
2021-02-03 15:18:08,050 INFO 12236 [egg-schedule]: register schedule D:\code_file\毕设\services\node_modules\egg-logrotator\app\schedule\rotate_by_file.js
2021-02-03 15:22:09,930 INFO 12616 [egg-schedule]: register schedule D:\code_file\毕设\services\node_modules\egg-multipart\app\schedule\clean_tmpdir.js
2021-02-03 15:22:09,930 INFO 12616 [egg-schedule]: register schedule D:\code_file\毕设\services\node_modules\egg-logrotator\app\schedule\clean_log.js
2021-02-03 15:22:09,930 INFO 12616 [egg-schedule]: register schedule D:\code_file\毕设\services\node_modules\egg-logrotator\app\schedule\rotate_by_file.js
2021-02-03 15:22:23,977 INFO 5604 [egg-schedule]: register schedule D:\code_file\毕设\services\node_modules\egg-multipart\app\schedule\clean_tmpdir.js
2021-02-03 15:22:23,977 INFO 5604 [egg-schedule]: register schedule D:\code_file\毕设\services\node_modules\egg-logrotator\app\schedule\clean_log.js
2021-02-03 15:22:23,977 INFO 5604 [egg-schedule]: register schedule D:\code_file\毕设\services\node_modules\egg-logrotator\app\schedule\rotate_by_file.js
2021-02-03 15:24:20,323 INFO 13932 [egg-schedule]: register schedule D:\code_file\毕设\services\node_modules\egg-multipart\app\schedule\clean_tmpdir.js
2021-02-03 15:24:20,323 INFO 13932 [egg-schedule]: register schedule D:\code_file\毕设\services\node_modules\egg-logrotator\app\schedule\clean_log.js
2021-02-03 15:24:20,323 INFO 13932 [egg-schedule]: register schedule D:\code_file\毕设\services\node_modules\egg-logrotator\app\schedule\rotate_by_file.js
2021-02-03 15:24:23,167 INFO 21440 [egg-schedule]: register schedule D:\code_file\毕设\services\node_modules\egg-multipart\app\schedule\clean_tmpdir.js
2021-02-03 15:24:23,167 INFO 21440 [egg-schedule]: register schedule D:\code_file\毕设\services\node_modules\egg-logrotator\app\schedule\clean_log.js
2021-02-03 15:24:23,167 INFO 21440 [egg-schedule]: register schedule D:\code_file\毕设\services\node_modules\egg-logrotator\app\schedule\rotate_by_file.js
2021-02-03 15:25:29,696 INFO 12180 [egg-schedule]: register schedule D:\code_file\毕设\services\node_modules\egg-multipart\app\schedule\clean_tmpdir.js
2021-02-03 15:25:29,696 INFO 12180 [egg-schedule]: register schedule D:\code_file\毕设\services\node_modules\egg-logrotator\app\schedule\clean_log.js
2021-02-03 15:25:29,696 INFO 12180 [egg-schedule]: register schedule D:\code_file\毕设\services\node_modules\egg-logrotator\app\schedule\rotate_by_file.js
2021-02-03 15:25:42,560 INFO 16956 [egg-schedule]: register schedule D:\code_file\毕设\services\node_modules\egg-multipart\app\schedule\clean_tmpdir.js
2021-02-03 15:25:42,560 INFO 16956 [egg-schedule]: register schedule D:\code_file\毕设\services\node_modules\egg-logrotator\app\schedule\clean_log.js
2021-02-03 15:25:42,560 INFO 16956 [egg-schedule]: register schedule D:\code_file\毕设\services\node_modules\egg-logrotator\app\schedule\rotate_by_file.js
2021-02-03 15:27:05,450 INFO 19956 [egg-schedule]: register schedule D:\code_file\毕设\services\node_modules\egg-multipart\app\schedule\clean_tmpdir.js
2021-02-03 15:27:05,450 INFO 19956 [egg-schedule]: register schedule D:\code_file\毕设\services\node_modules\egg-logrotator\app\schedule\clean_log.js
2021-02-03 15:27:05,450 INFO 19956 [egg-schedule]: register schedule D:\code_file\毕设\services\node_modules\egg-logrotator\app\schedule\rotate_by_file.js
2021-02-03 15:30:33,185 INFO 9772 [egg-schedule]: register schedule D:\code_file\毕设\services\node_modules\egg-multipart\app\schedule\clean_tmpdir.js
2021-02-03 15:30:33,185 INFO 9772 [egg-schedule]: register schedule D:\code_file\毕设\services\node_modules\egg-logrotator\app\schedule\clean_log.js
2021-02-03 15:30:33,185 INFO 9772 [egg-schedule]: register schedule D:\code_file\毕设\services\node_modules\egg-logrotator\app\schedule\rotate_by_file.js
2021-02-03 15:31:01,713 INFO 18052 [egg-schedule]: register schedule D:\code_file\毕设\services\node_modules\egg-multipart\app\schedule\clean_tmpdir.js
2021-02-03 15:31:01,713 INFO 18052 [egg-schedule]: register schedule D:\code_file\毕设\services\node_modules\egg-logrotator\app\schedule\clean_log.js
2021-02-03 15:31:01,713 INFO 18052 [egg-schedule]: register schedule D:\code_file\毕设\services\node_modules\egg-logrotator\app\schedule\rotate_by_file.js
2021-02-03 15:31:41,115 INFO 6632 [egg-schedule]: register schedule D:\code_file\毕设\services\node_modules\egg-multipart\app\schedule\clean_tmpdir.js
2021-02-03 15:31:41,115 INFO 6632 [egg-schedule]: register schedule D:\code_file\毕设\services\node_modules\egg-logrotator\app\schedule\clean_log.js
2021-02-03 15:31:41,115 INFO 6632 [egg-schedule]: register schedule D:\code_file\毕设\services\node_modules\egg-logrotator\app\schedule\rotate_by_file.js
2021-02-03 15:31:56,891 INFO 21652 [egg-schedule]: register schedule D:\code_file\毕设\services\node_modules\egg-multipart\app\schedule\clean_tmpdir.js
2021-02-03 15:31:56,891 INFO 21652 [egg-schedule]: register schedule D:\code_file\毕设\services\node_modules\egg-logrotator\app\schedule\clean_log.js
2021-02-03 15:31:56,891 INFO 21652 [egg-schedule]: register schedule D:\code_file\毕设\services\node_modules\egg-logrotator\app\schedule\rotate_by_file.js
2021-02-03 15:32:46,292 INFO 264 [egg-schedule]: register schedule D:\code_file\毕设\services\node_modules\egg-multipart\app\schedule\clean_tmpdir.js
2021-02-03 15:32:46,292 INFO 264 [egg-schedule]: register schedule D:\code_file\毕设\services\node_modules\egg-logrotator\app\schedule\clean_log.js
2021-02-03 15:32:46,292 INFO 264 [egg-schedule]: register schedule D:\code_file\毕设\services\node_modules\egg-logrotator\app\schedule\rotate_by_file.js
2021-02-03 15:32:53,518 INFO 11012 [egg-schedule]: register schedule D:\code_file\毕设\services\node_modules\egg-multipart\app\schedule\clean_tmpdir.js
2021-02-03 15:32:53,518 INFO 11012 [egg-schedule]: register schedule D:\code_file\毕设\services\node_modules\egg-logrotator\app\schedule\clean_log.js
2021-02-03 15:32:53,518 INFO 11012 [egg-schedule]: register schedule D:\code_file\毕设\services\node_modules\egg-logrotator\app\schedule\rotate_by_file.js
2021-02-03 15:35:10,365 INFO 18220 [egg-schedule]: register schedule D:\code_file\毕设\services\node_modules\egg-multipart\app\schedule\clean_tmpdir.js
2021-02-03 15:35:10,365 INFO 18220 [egg-schedule]: register schedule D:\code_file\毕设\services\node_modules\egg-logrotator\app\schedule\clean_log.js
2021-02-03 15:35:10,365 INFO 18220 [egg-schedule]: register schedule D:\code_file\毕设\services\node_modules\egg-logrotator\app\schedule\rotate_by_file.js
2021-02-03 15:35:24,701 INFO 4584 [egg-schedule]: register schedule D:\code_file\毕设\services\node_modules\egg-multipart\app\schedule\clean_tmpdir.js
2021-02-03 15:35:24,701 INFO 4584 [egg-schedule]: register schedule D:\code_file\毕设\services\node_modules\egg-logrotator\app\schedule\clean_log.js
2021-02-03 15:35:24,701 INFO 4584 [egg-schedule]: register schedule D:\code_file\毕设\services\node_modules\egg-logrotator\app\schedule\rotate_by_file.js
2021-02-03 15:36:07,604 INFO 13520 [egg-schedule]: register schedule D:\code_file\毕设\services\node_modules\egg-multipart\app\schedule\clean_tmpdir.js
2021-02-03 15:36:07,604 INFO 13520 [egg-schedule]: register schedule D:\code_file\毕设\services\node_modules\egg-logrotator\app\schedule\clean_log.js
2021-02-03 15:36:07,604 INFO 13520 [egg-schedule]: register schedule D:\code_file\毕设\services\node_modules\egg-logrotator\app\schedule\rotate_by_file.js
2021-02-03 15:41:24,443 INFO 8620 [egg-schedule]: register schedule D:\code_file\毕设\services\node_modules\egg-multipart\app\schedule\clean_tmpdir.js
2021-02-03 15:41:24,443 INFO 8620 [egg-schedule]: register schedule D:\code_file\毕设\services\node_modules\egg-logrotator\app\schedule\clean_log.js
2021-02-03 15:41:24,443 INFO 8620 [egg-schedule]: register schedule D:\code_file\毕设\services\node_modules\egg-logrotator\app\schedule\rotate_by_file.js
2021-02-03 16:52:50,665 INFO 8776 [egg-schedule]: register schedule D:\code_file\毕设\services\node_modules\egg-multipart\app\schedule\clean_tmpdir.js
2021-02-03 16:52:50,665 INFO 8776 [egg-schedule]: register schedule D:\code_file\毕设\services\node_modules\egg-logrotator\app\schedule\clean_log.js
2021-02-03 16:52:50,665 INFO 8776 [egg-schedule]: register schedule D:\code_file\毕设\services\node_modules\egg-logrotator\app\schedule\rotate_by_file.js
2021-02-03 16:53:53,424 INFO 5184 [egg-schedule]: register schedule D:\code_file\毕设\services\node_modules\egg-multipart\app\schedule\clean_tmpdir.js
2021-02-03 16:53:53,424 INFO 5184 [egg-schedule]: register schedule D:\code_file\毕设\services\node_modules\egg-logrotator\app\schedule\clean_log.js
2021-02-03 16:53:53,424 INFO 5184 [egg-schedule]: register schedule D:\code_file\毕设\services\node_modules\egg-logrotator\app\schedule\rotate_by_file.js
2021-02-03 16:54:39,724 INFO 16536 [egg-schedule]: register schedule D:\code_file\毕设\services\node_modules\egg-multipart\app\schedule\clean_tmpdir.js
2021-02-03 16:54:39,724 INFO 16536 [egg-schedule]: register schedule D:\code_file\毕设\services\node_modules\egg-logrotator\app\schedule\clean_log.js
2021-02-03 16:54:39,724 INFO 16536 [egg-schedule]: register schedule D:\code_file\毕设\services\node_modules\egg-logrotator\app\schedule\rotate_by_file.js
2021-02-03 16:55:18,102 INFO 16608 [egg-schedule]: register schedule D:\code_file\毕设\services\node_modules\egg-multipart\app\schedule\clean_tmpdir.js
2021-02-03 16:55:18,102 INFO 16608 [egg-schedule]: register schedule D:\code_file\毕设\services\node_modules\egg-logrotator\app\schedule\clean_log.js
2021-02-03 16:55:18,102 INFO 16608 [egg-schedule]: register schedule D:\code_file\毕设\services\node_modules\egg-logrotator\app\schedule\rotate_by_file.js
2021-02-03 16:55:33,866 INFO 14820 [egg-schedule]: register schedule D:\code_file\毕设\services\node_modules\egg-multipart\app\schedule\clean_tmpdir.js
2021-02-03 16:55:33,867 INFO 14820 [egg-schedule]: register schedule D:\code_file\毕设\services\node_modules\egg-logrotator\app\schedule\clean_log.js
2021-02-03 16:55:33,867 INFO 14820 [egg-schedule]: register schedule D:\code_file\毕设\services\node_modules\egg-logrotator\app\schedule\rotate_by_file.js
2021-02-03 16:55:45,466 INFO 16212 [egg-schedule]: register schedule D:\code_file\毕设\services\node_modules\egg-multipart\app\schedule\clean_tmpdir.js
2021-02-03 16:55:45,466 INFO 16212 [egg-schedule]: register schedule D:\code_file\毕设\services\node_modules\egg-logrotator\app\schedule\clean_log.js
2021-02-03 16:55:45,466 INFO 16212 [egg-schedule]: register schedule D:\code_file\毕设\services\node_modules\egg-logrotator\app\schedule\rotate_by_file.js
2021-02-03 16:55:49,561 INFO 15840 [egg-schedule]: register schedule D:\code_file\毕设\services\node_modules\egg-multipart\app\schedule\clean_tmpdir.js
2021-02-03 16:55:49,561 INFO 15840 [egg-schedule]: register schedule D:\code_file\毕设\services\node_modules\egg-logrotator\app\schedule\clean_log.js
2021-02-03 16:55:49,561 INFO 15840 [egg-schedule]: register schedule D:\code_file\毕设\services\node_modules\egg-logrotator\app\schedule\rotate_by_file.js
2021-02-03 17:02:12,441 INFO 324 [egg-schedule]: register schedule D:\code_file\毕设\services\node_modules\egg-multipart\app\schedule\clean_tmpdir.js
2021-02-03 17:02:12,441 INFO 324 [egg-schedule]: register schedule D:\code_file\毕设\services\node_modules\egg-logrotator\app\schedule\clean_log.js
2021-02-03 17:02:12,441 INFO 324 [egg-schedule]: register schedule D:\code_file\毕设\services\node_modules\egg-logrotator\app\schedule\rotate_by_file.js
2021-02-03 17:02:22,299 INFO 14528 [egg-schedule]: register schedule D:\code_file\毕设\services\node_modules\egg-multipart\app\schedule\clean_tmpdir.js
2021-02-03 17:02:22,299 INFO 14528 [egg-schedule]: register schedule D:\code_file\毕设\services\node_modules\egg-logrotator\app\schedule\clean_log.js
2021-02-03 17:02:22,299 INFO 14528 [egg-schedule]: register schedule D:\code_file\毕设\services\node_modules\egg-logrotator\app\schedule\rotate_by_file.js
2021-02-03 17:02:46,817 INFO 15160 [egg-schedule]: register schedule D:\code_file\毕设\services\node_modules\egg-multipart\app\schedule\clean_tmpdir.js
2021-02-03 17:02:46,817 INFO 15160 [egg-schedule]: register schedule D:\code_file\毕设\services\node_modules\egg-logrotator\app\schedule\clean_log.js
2021-02-03 17:02:46,817 INFO 15160 [egg-schedule]: register schedule D:\code_file\毕设\services\node_modules\egg-logrotator\app\schedule\rotate_by_file.js
2021-02-03 17:03:21,649 INFO 20616 [egg-schedule]: register schedule D:\code_file\毕设\services\node_modules\egg-multipart\app\schedule\clean_tmpdir.js
2021-02-03 17:03:21,649 INFO 20616 [egg-schedule]: register schedule D:\code_file\毕设\services\node_modules\egg-logrotator\app\schedule\clean_log.js
2021-02-03 17:03:21,649 INFO 20616 [egg-schedule]: register schedule D:\code_file\毕设\services\node_modules\egg-logrotator\app\schedule\rotate_by_file.js
2021-02-03 17:04:35,150 INFO 3360 [egg-schedule]: register schedule D:\code_file\毕设\services\node_modules\egg-multipart\app\schedule\clean_tmpdir.js
2021-02-03 17:04:35,150 INFO 3360 [egg-schedule]: register schedule D:\code_file\毕设\services\node_modules\egg-logrotator\app\schedule\clean_log.js
2021-02-03 17:04:35,150 INFO 3360 [egg-schedule]: register schedule D:\code_file\毕设\services\node_modules\egg-logrotator\app\schedule\rotate_by_file.js
2021-02-03 17:06:23,873 INFO 11272 [egg-schedule]: register schedule D:\code_file\毕设\services\node_modules\egg-multipart\app\schedule\clean_tmpdir.js
2021-02-03 17:06:23,873 INFO 11272 [egg-schedule]: register schedule D:\code_file\毕设\services\node_modules\egg-logrotator\app\schedule\clean_log.js
2021-02-03 17:06:23,873 INFO 11272 [egg-schedule]: register schedule D:\code_file\毕设\services\node_modules\egg-logrotator\app\schedule\rotate_by_file.js
2021-02-03 17:07:03,501 INFO 5448 [egg-schedule]: register schedule D:\code_file\毕设\services\node_modules\egg-multipart\app\schedule\clean_tmpdir.js
2021-02-03 17:07:03,501 INFO 5448 [egg-schedule]: register schedule D:\code_file\毕设\services\node_modules\egg-logrotator\app\schedule\clean_log.js
2021-02-03 17:07:03,501 INFO 5448 [egg-schedule]: register schedule D:\code_file\毕设\services\node_modules\egg-logrotator\app\schedule\rotate_by_file.js
2021-02-03 20:29:55,811 INFO 20552 [egg-schedule]: register schedule D:\code_file\毕设\services\node_modules\egg-multipart\app\schedule\clean_tmpdir.js
2021-02-03 20:29:55,811 INFO 20552 [egg-schedule]: register schedule D:\code_file\毕设\services\node_modules\egg-logrotator\app\schedule\clean_log.js
2021-02-03 20:29:55,811 INFO 20552 [egg-schedule]: register schedule D:\code_file\毕设\services\node_modules\egg-logrotator\app\schedule\rotate_by_file.js
2021-02-03 20:29:57,925 INFO 14716 [Timer] D:\code_file\毕设\services\node_modules\egg-multipart\app\schedule\clean_tmpdir.js next time will execute after 28802078ms at 2021-02-04 04:30:00.003
2021-02-03 20:29:57,925 INFO 14716 [Timer] D:\code_file\毕设\services\node_modules\egg-logrotator\app\schedule\clean_log.js next time will execute after 12602075ms at 2021-02-04 00:00:00.000
2021-02-03 20:29:57,925 INFO 14716 [Timer] D:\code_file\毕设\services\node_modules\egg-logrotator\app\schedule\rotate_by_file.js next time will execute after 12603075ms at 2021-02-04 00:00:01.000
2021-02-03 20:34:40,045 INFO 1236 [egg-schedule]: register schedule D:\code_file\毕设\services\node_modules\egg-multipart\app\schedule\clean_tmpdir.js
2021-02-03 20:34:40,045 INFO 1236 [egg-schedule]: register schedule D:\code_file\毕设\services\node_modules\egg-logrotator\app\schedule\clean_log.js
2021-02-03 20:34:40,045 INFO 1236 [egg-schedule]: register schedule D:\code_file\毕设\services\node_modules\egg-logrotator\app\schedule\rotate_by_file.js
2021-02-03 20:35:19,741 INFO 19864 [egg-schedule]: register schedule D:\code_file\毕设\services\node_modules\egg-multipart\app\schedule\clean_tmpdir.js
2021-02-03 20:35:19,741 INFO 19864 [egg-schedule]: register schedule D:\code_file\毕设\services\node_modules\egg-logrotator\app\schedule\clean_log.js
2021-02-03 20:35:19,741 INFO 19864 [egg-schedule]: register schedule D:\code_file\毕设\services\node_modules\egg-logrotator\app\schedule\rotate_by_file.js
2021-02-03 20:44:53,993 INFO 23520 [egg-schedule]: register schedule D:\code_file\毕设\services\node_modules\egg-multipart\app\schedule\clean_tmpdir.js
2021-02-03 20:44:53,993 INFO 23520 [egg-schedule]: register schedule D:\code_file\毕设\services\node_modules\egg-logrotator\app\schedule\clean_log.js
2021-02-03 20:44:53,994 INFO 23520 [egg-schedule]: register schedule D:\code_file\毕设\services\node_modules\egg-logrotator\app\schedule\rotate_by_file.js
2021-02-03 20:48:35,547 INFO 10192 [egg-schedule]: register schedule D:\code_file\毕设\services\node_modules\egg-multipart\app\schedule\clean_tmpdir.js
2021-02-03 20:48:35,547 INFO 10192 [egg-schedule]: register schedule D:\code_file\毕设\services\node_modules\egg-logrotator\app\schedule\clean_log.js
2021-02-03 20:48:35,547 INFO 10192 [egg-schedule]: register schedule D:\code_file\毕设\services\node_modules\egg-logrotator\app\schedule\rotate_by_file.js
2021-02-03 20:48:41,027 INFO 17648 [egg-schedule]: register schedule D:\code_file\毕设\services\node_modules\egg-multipart\app\schedule\clean_tmpdir.js
2021-02-03 20:48:41,028 INFO 17648 [egg-schedule]: register schedule D:\code_file\毕设\services\node_modules\egg-logrotator\app\schedule\clean_log.js
2021-02-03 20:48:41,028 INFO 17648 [egg-schedule]: register schedule D:\code_file\毕设\services\node_modules\egg-logrotator\app\schedule\rotate_by_file.js
2021-02-03 20:49:06,970 INFO 13296 [egg-schedule]: register schedule D:\code_file\毕设\services\node_modules\egg-multipart\app\schedule\clean_tmpdir.js
2021-02-03 20:49:06,970 INFO 13296 [egg-schedule]: register schedule D:\code_file\毕设\services\node_modules\egg-logrotator\app\schedule\clean_log.js
2021-02-03 20:49:06,970 INFO 13296 [egg-schedule]: register schedule D:\code_file\毕设\services\node_modules\egg-logrotator\app\schedule\rotate_by_file.js
2021-02-03 20:50:02,064 INFO 21836 [egg-schedule]: register schedule D:\code_file\毕设\services\node_modules\egg-multipart\app\schedule\clean_tmpdir.js
2021-02-03 20:50:02,064 INFO 21836 [egg-schedule]: register schedule D:\code_file\毕设\services\node_modules\egg-logrotator\app\schedule\clean_log.js
2021-02-03 20:50:02,064 INFO 21836 [egg-schedule]: register schedule D:\code_file\毕设\services\node_modules\egg-logrotator\app\schedule\rotate_by_file.js
2021-02-03 20:54:38,174 INFO 16216 [egg-schedule]: register schedule D:\code_file\毕设\services\node_modules\egg-multipart\app\schedule\clean_tmpdir.js
2021-02-03 20:54:38,174 INFO 16216 [egg-schedule]: register schedule D:\code_file\毕设\services\node_modules\egg-logrotator\app\schedule\clean_log.js
2021-02-03 20:54:38,174 INFO 16216 [egg-schedule]: register schedule D:\code_file\毕设\services\node_modules\egg-logrotator\app\schedule\rotate_by_file.js
2021-02-03 20:58:17,383 INFO 21780 [egg-schedule]: register schedule D:\code_file\毕设\services\node_modules\egg-multipart\app\schedule\clean_tmpdir.js
2021-02-03 20:58:17,383 INFO 21780 [egg-schedule]: register schedule D:\code_file\毕设\services\node_modules\egg-logrotator\app\schedule\clean_log.js
2021-02-03 20:58:17,383 INFO 21780 [egg-schedule]: register schedule D:\code_file\毕设\services\node_modules\egg-logrotator\app\schedule\rotate_by_file.js
2021-02-03 21:02:41,363 INFO 17512 [egg-schedule]: register schedule D:\code_file\毕设\services\node_modules\egg-multipart\app\schedule\clean_tmpdir.js
2021-02-03 21:02:41,363 INFO 17512 [egg-schedule]: register schedule D:\code_file\毕设\services\node_modules\egg-logrotator\app\schedule\clean_log.js
2021-02-03 21:02:41,363 INFO 17512 [egg-schedule]: register schedule D:\code_file\毕设\services\node_modules\egg-logrotator\app\schedule\rotate_by_file.js
2021-02-03 21:02:47,624 INFO 19208 [egg-schedule]: register schedule D:\code_file\毕设\services\node_modules\egg-multipart\app\schedule\clean_tmpdir.js
2021-02-03 21:02:47,624 INFO 19208 [egg-schedule]: register schedule D:\code_file\毕设\services\node_modules\egg-logrotator\app\schedule\clean_log.js
2021-02-03 21:02:47,624 INFO 19208 [egg-schedule]: register schedule D:\code_file\毕设\services\node_modules\egg-logrotator\app\schedule\rotate_by_file.js
2021-02-03 21:04:49,508 INFO 19264 [egg-schedule]: register schedule D:\code_file\毕设\services\node_modules\egg-multipart\app\schedule\clean_tmpdir.js
2021-02-03 21:04:49,508 INFO 19264 [egg-schedule]: register schedule D:\code_file\毕设\services\node_modules\egg-logrotator\app\schedule\clean_log.js
2021-02-03 21:04:49,508 INFO 19264 [egg-schedule]: register schedule D:\code_file\毕设\services\node_modules\egg-logrotator\app\schedule\rotate_by_file.js
2021-02-03 21:06:09,537 INFO 22196 [egg-schedule]: register schedule D:\code_file\毕设\services\node_modules\egg-multipart\app\schedule\clean_tmpdir.js
2021-02-03 21:06:09,537 INFO 22196 [egg-schedule]: register schedule D:\code_file\毕设\services\node_modules\egg-logrotator\app\schedule\clean_log.js
2021-02-03 21:06:09,537 INFO 22196 [egg-schedule]: register schedule D:\code_file\毕设\services\node_modules\egg-logrotator\app\schedule\rotate_by_file.js
2021-02-03 21:06:19,677 INFO 8028 [egg-schedule]: register schedule D:\code_file\毕设\services\node_modules\egg-multipart\app\schedule\clean_tmpdir.js
2021-02-03 21:06:19,677 INFO 8028 [egg-schedule]: register schedule D:\code_file\毕设\services\node_modules\egg-logrotator\app\schedule\clean_log.js
2021-02-03 21:06:19,677 INFO 8028 [egg-schedule]: register schedule D:\code_file\毕设\services\node_modules\egg-logrotator\app\schedule\rotate_by_file.js
2021-02-03 21:06:21,685 INFO 23328 [egg-schedule]: register schedule D:\code_file\毕设\services\node_modules\egg-multipart\app\schedule\clean_tmpdir.js
2021-02-03 21:06:21,685 INFO 23328 [egg-schedule]: register schedule D:\code_file\毕设\services\node_modules\egg-logrotator\app\schedule\clean_log.js
2021-02-03 21:06:21,685 INFO 23328 [egg-schedule]: register schedule D:\code_file\毕设\services\node_modules\egg-logrotator\app\schedule\rotate_by_file.js
2021-02-03 21:20:34,055 INFO 23100 [egg-schedule]: register schedule D:\code_file\毕设\services\node_modules\egg-multipart\app\schedule\clean_tmpdir.js
2021-02-03 21:20:34,055 INFO 23100 [egg-schedule]: register schedule D:\code_file\毕设\services\node_modules\egg-logrotator\app\schedule\clean_log.js
2021-02-03 21:20:34,055 INFO 23100 [egg-schedule]: register schedule D:\code_file\毕设\services\node_modules\egg-logrotator\app\schedule\rotate_by_file.js
2021-02-03 21:42:54,709 INFO 18544 [egg-schedule]: register schedule D:\code_file\毕设\services\node_modules\egg-multipart\app\schedule\clean_tmpdir.js
2021-02-03 21:42:54,709 INFO 18544 [egg-schedule]: register schedule D:\code_file\毕设\services\node_modules\egg-logrotator\app\schedule\clean_log.js
2021-02-03 21:42:54,709 INFO 18544 [egg-schedule]: register schedule D:\code_file\毕设\services\node_modules\egg-logrotator\app\schedule\rotate_by_file.js
2021-02-03 21:43:08,362 INFO 15072 [egg-schedule]: register schedule D:\code_file\毕设\services\node_modules\egg-multipart\app\schedule\clean_tmpdir.js
2021-02-03 21:43:08,362 INFO 15072 [egg-schedule]: register schedule D:\code_file\毕设\services\node_modules\egg-logrotator\app\schedule\clean_log.js
2021-02-03 21:43:08,362 INFO 15072 [egg-schedule]: register schedule D:\code_file\毕设\services\node_modules\egg-logrotator\app\schedule\rotate_by_file.js
2021-02-03 21:45:10,079 INFO 18792 [egg-schedule]: register schedule D:\code_file\毕设\services\node_modules\egg-multipart\app\schedule\clean_tmpdir.js
2021-02-03 21:45:10,079 INFO 18792 [egg-schedule]: register schedule D:\code_file\毕设\services\node_modules\egg-logrotator\app\schedule\clean_log.js
2021-02-03 21:45:10,079 INFO 18792 [egg-schedule]: register schedule D:\code_file\毕设\services\node_modules\egg-logrotator\app\schedule\rotate_by_file.js
2021-02-03 21:48:15,607 INFO 19668 [egg-schedule]: register schedule D:\code_file\毕设\services\node_modules\egg-multipart\app\schedule\clean_tmpdir.js
2021-02-03 21:48:15,607 INFO 19668 [egg-schedule]: register schedule D:\code_file\毕设\services\node_modules\egg-logrotator\app\schedule\clean_log.js
2021-02-03 21:48:15,607 INFO 19668 [egg-schedule]: register schedule D:\code_file\毕设\services\node_modules\egg-logrotator\app\schedule\rotate_by_file.js
2021-02-03 21:48:39,633 INFO 7460 [egg-schedule]: register schedule D:\code_file\毕设\services\node_modules\egg-multipart\app\schedule\clean_tmpdir.js
2021-02-03 21:48:39,633 INFO 7460 [egg-schedule]: register schedule D:\code_file\毕设\services\node_modules\egg-logrotator\app\schedule\clean_log.js
2021-02-03 21:48:39,633 INFO 7460 [egg-schedule]: register schedule D:\code_file\毕设\services\node_modules\egg-logrotator\app\schedule\rotate_by_file.js
2021-02-03 21:48:44,686 INFO 18256 [egg-schedule]: register schedule D:\code_file\毕设\services\node_modules\egg-multipart\app\schedule\clean_tmpdir.js
2021-02-03 21:48:44,686 INFO 18256 [egg-schedule]: register schedule D:\code_file\毕设\services\node_modules\egg-logrotator\app\schedule\clean_log.js
2021-02-03 21:48:44,686 INFO 18256 [egg-schedule]: register schedule D:\code_file\毕设\services\node_modules\egg-logrotator\app\schedule\rotate_by_file.js
2021-02-03 21:56:46,743 INFO 17988 [egg-schedule]: register schedule D:\code_file\毕设\services\node_modules\egg-multipart\app\schedule\clean_tmpdir.js
2021-02-03 21:56:46,743 INFO 17988 [egg-schedule]: register schedule D:\code_file\毕设\services\node_modules\egg-logrotator\app\schedule\clean_log.js
2021-02-03 21:56:46,743 INFO 17988 [egg-schedule]: register schedule D:\code_file\毕设\services\node_modules\egg-logrotator\app\schedule\rotate_by_file.js
2021-02-03 22:01:53,963 INFO 17556 [egg-schedule]: register schedule D:\code_file\毕设\services\node_modules\egg-multipart\app\schedule\clean_tmpdir.js
2021-02-03 22:01:53,963 INFO 17556 [egg-schedule]: register schedule D:\code_file\毕设\services\node_modules\egg-logrotator\app\schedule\clean_log.js
2021-02-03 22:01:53,963 INFO 17556 [egg-schedule]: register schedule D:\code_file\毕设\services\node_modules\egg-logrotator\app\schedule\rotate_by_file.js
2021-02-03 22:03:27,584 INFO 14064 [egg-schedule]: register schedule D:\code_file\毕设\services\node_modules\egg-multipart\app\schedule\clean_tmpdir.js
2021-02-03 22:03:27,584 INFO 14064 [egg-schedule]: register schedule D:\code_file\毕设\services\node_modules\egg-logrotator\app\schedule\clean_log.js
2021-02-03 22:03:27,584 INFO 14064 [egg-schedule]: register schedule D:\code_file\毕设\services\node_modules\egg-logrotator\app\schedule\rotate_by_file.js
2021-02-03 22:03:32,189 INFO 22992 [egg-schedule]: register schedule D:\code_file\毕设\services\node_modules\egg-multipart\app\schedule\clean_tmpdir.js
2021-02-03 22:03:32,189 INFO 22992 [egg-schedule]: register schedule D:\code_file\毕设\services\node_modules\egg-logrotator\app\schedule\clean_log.js
2021-02-03 22:03:32,189 INFO 22992 [egg-schedule]: register schedule D:\code_file\毕设\services\node_modules\egg-logrotator\app\schedule\rotate_by_file.js
2021-02-03 22:08:04,280 INFO 13876 [egg-schedule]: register schedule D:\code_file\毕设\services\node_modules\egg-multipart\app\schedule\clean_tmpdir.js
2021-02-03 22:08:04,281 INFO 13876 [egg-schedule]: register schedule D:\code_file\毕设\services\node_modules\egg-logrotator\app\schedule\clean_log.js
2021-02-03 22:08:04,281 INFO 13876 [egg-schedule]: register schedule D:\code_file\毕设\services\node_modules\egg-logrotator\app\schedule\rotate_by_file.js
2021-02-03 22:08:28,820 INFO 596 [egg-schedule]: register schedule D:\code_file\毕设\services\node_modules\egg-multipart\app\schedule\clean_tmpdir.js
2021-02-03 22:08:28,820 INFO 596 [egg-schedule]: register schedule D:\code_file\毕设\services\node_modules\egg-logrotator\app\schedule\clean_log.js
2021-02-03 22:08:28,820 INFO 596 [egg-schedule]: register schedule D:\code_file\毕设\services\node_modules\egg-logrotator\app\schedule\rotate_by_file.js
